{
  "RSpec": {
    "coverage": {
      "/home/pea/Code/warehouse-robot/spec/crate_spec.rb": {
        "lines": [
          1,
          null,
          1,
          null,
          1,
          1,
          null,
          null,
          1,
          1,
          null,
          null,
          null
        ]
      },
      "/home/pea/Code/warehouse-robot/lib/crate.rb": {
        "lines": [
          1,
          null,
          1,
          null,
          null,
          1,
          1,
          null,
          null
        ]
      },
      "/home/pea/Code/warehouse-robot/spec/robot_spec.rb": {
        "lines": [
          1,
          null,
          1,
          null,
          30,
          30,
          30,
          null,
          1,
          29,
          29,
          29,
          29,
          null,
          null,
          1,
          1,
          null,
          null,
          1,
          1,
          null,
          null,
          1,
          1,
          null,
          null,
          1,
          1,
          null,
          null,
          1,
          1,
          null,
          null,
          1,
          1,
          null,
          null,
          1,
          1,
          null,
          null,
          1,
          1,
          null,
          null,
          1,
          1,
          null,
          null,
          1,
          1,
          null,
          null,
          1,
          6,
          1,
          1,
          null,
          null,
          1,
          6,
          1,
          1,
          null,
          null,
          1,
          6,
          1,
          1,
          null,
          null,
          1,
          6,
          1,
          1,
          null,
          null,
          1,
          1,
          null,
          null,
          1,
          6,
          1,
          null,
          null,
          1,
          6,
          1,
          null,
          null,
          1,
          6,
          1,
          null,
          null,
          1,
          6,
          1,
          null,
          null,
          1,
          null,
          1,
          4,
          null,
          null,
          1,
          1,
          1,
          null,
          null,
          1,
          1,
          1,
          1,
          null,
          null,
          1,
          1,
          null,
          null,
          1,
          1,
          1,
          null,
          null,
          null,
          1,
          null,
          1,
          6,
          6,
          6,
          6,
          null,
          null,
          1,
          1,
          null,
          null,
          1,
          1,
          null,
          null,
          1,
          1,
          1,
          null,
          null,
          1,
          1,
          1,
          null,
          null,
          1,
          1,
          1,
          null,
          null,
          1,
          4,
          null,
          null,
          null
        ]
      },
      "/home/pea/Code/warehouse-robot/lib/robot.rb": {
        "lines": [
          1,
          null,
          1,
          1,
          1,
          null,
          1,
          29,
          29,
          29,
          29,
          29,
          29,
          null,
          null,
          1,
          77,
          null,
          13,
          null,
          12,
          null,
          12,
          null,
          12,
          null,
          3,
          null,
          3,
          null,
          3,
          null,
          3,
          null,
          10,
          null,
          5,
          null,
          1,
          null,
          null,
          null,
          null,
          1,
          null,
          1,
          77,
          77,
          77,
          null,
          null,
          1,
          61,
          null,
          69,
          49,
          null,
          null,
          1,
          102,
          49,
          49,
          null,
          null,
          1,
          10,
          16,
          9,
          null,
          null,
          1,
          8,
          8,
          null,
          null,
          1,
          5,
          4,
          null,
          null,
          1,
          3,
          3,
          3,
          null,
          null
        ]
      },
      "/home/pea/Code/warehouse-robot/spec/warehouse_spec.rb": {
        "lines": [
          1,
          null,
          1,
          null,
          8,
          2,
          null,
          1,
          7,
          7,
          null,
          null,
          1,
          1,
          null,
          null,
          1,
          1,
          null,
          null,
          1,
          1,
          null,
          null,
          1,
          1,
          null,
          null,
          1,
          1,
          1,
          null,
          null,
          1,
          1,
          1,
          null,
          null,
          1,
          1,
          1,
          1,
          1,
          null,
          null
        ]
      },
      "/home/pea/Code/warehouse-robot/lib/warehouse.rb": {
        "lines": [
          1,
          null,
          1,
          1,
          null,
          1,
          7,
          7,
          null,
          null,
          1,
          6,
          6,
          5,
          4,
          null,
          null,
          1,
          5,
          1,
          null,
          null,
          null,
          null
        ]
      }
    },
    "timestamp": 1610545826
  }
}
